<?xml version="1.0" encoding="utf-8"?><testsuites name="pytest tests"><testsuite name="pytest" errors="5" failures="0" skipped="0" tests="5" time="0.468" timestamp="2026-03-28T09:24:31.814690+08:00" hostname="192.168.10.124"><testcase classname="" name="tests.test_health" time="0.000"><error message="collection failure">tests/test_health.py:3: in &lt;module&gt;
    from app.main import app
app/main.py:5: in &lt;module&gt;
    from app.bootstrap.dependencies import get_settings
app/bootstrap/dependencies.py:5: in &lt;module&gt;
    from app.adapter.activate_adapter import SqbActivateAdapter
app/adapter/activate_adapter.py:1: in &lt;module&gt;
    from app.adapter.base_client import SqbApiClient
app/adapter/base_client.py:4: in &lt;module&gt;
    from app.support.signing import build_authorization, dumps_body, md5_sign
app/support/signing.py:20: in &lt;module&gt;
    nonce_str: str | None = None,
E   TypeError: unsupported operand type(s) for |: 'type' and 'NoneType'</error></testcase><testcase classname="" name="tests.test_payment_endpoints" time="0.000"><error message="collection failure">tests/test_payment_endpoints.py:3: in &lt;module&gt;
    from app.main import app
app/main.py:5: in &lt;module&gt;
    from app.bootstrap.dependencies import get_settings
app/bootstrap/dependencies.py:5: in &lt;module&gt;
    from app.adapter.activate_adapter import SqbActivateAdapter
app/adapter/activate_adapter.py:1: in &lt;module&gt;
    from app.adapter.base_client import SqbApiClient
app/adapter/base_client.py:4: in &lt;module&gt;
    from app.support.signing import build_authorization, dumps_body, md5_sign
app/support/signing.py:20: in &lt;module&gt;
    nonce_str: str | None = None,
E   TypeError: unsupported operand type(s) for |: 'type' and 'NoneType'</error></testcase><testcase classname="" name="tests.test_signing" time="0.000"><error message="collection failure">tests/test_signing.py:1: in &lt;module&gt;
    from app.support.signing import build_authorization, md5_sign
app/support/signing.py:20: in &lt;module&gt;
    nonce_str: str | None = None,
E   TypeError: unsupported operand type(s) for |: 'type' and 'NoneType'</error></testcase><testcase classname="" name="tests.test_status_parser" time="0.000"><error message="collection failure">ImportError while importing test module '/Users/suwenjuan/Ai/sqb-payment-reference-py-app/tests/test_status_parser.py'.
Hint: make sure your test modules/packages have valid Python names.
Traceback:
/Library/Developer/CommandLineTools/Library/Frameworks/Python3.framework/Versions/3.9/lib/python3.9/importlib/__init__.py:127: in import_module
    return _bootstrap._gcd_import(name[level:], package, level)
tests/test_status_parser.py:1: in &lt;module&gt;
    from app.protocol.status import OrderStatus
app/protocol/status.py:1: in &lt;module&gt;
    from enum import StrEnum
E   ImportError: cannot import name 'StrEnum' from 'enum' (/Library/Developer/CommandLineTools/Library/Frameworks/Python3.framework/Versions/3.9/lib/python3.9/enum.py)</error></testcase><testcase classname="" name="tests.test_terminal_and_notify" time="0.000"><error message="collection failure">tests/test_terminal_and_notify.py:3: in &lt;module&gt;
    from app.main import app
app/main.py:5: in &lt;module&gt;
    from app.bootstrap.dependencies import get_settings
app/bootstrap/dependencies.py:5: in &lt;module&gt;
    from app.adapter.activate_adapter import SqbActivateAdapter
app/adapter/activate_adapter.py:1: in &lt;module&gt;
    from app.adapter.base_client import SqbApiClient
app/adapter/base_client.py:4: in &lt;module&gt;
    from app.support.signing import build_authorization, dumps_body, md5_sign
app/support/signing.py:20: in &lt;module&gt;
    nonce_str: str | None = None,
E   TypeError: unsupported operand type(s) for |: 'type' and 'NoneType'</error></testcase></testsuite></testsuites>